{
  "RSpec": {
    "coverage": {
      "/home/balanced-widget-4002/tic-tac-toe-rb-nyc-fasttrack-020120/lib/tic_tac_toe.rb": [
        null,
        1,
        null,
        null,
        null,
        null,
        null,
        null,
        null,
        null,
        null,
        1,
        5,
        5,
        5,
        5,
        5,
        null,
        null,
        1,
        13,
        null,
        null,
        1,
        3,
        null,
        null,
        1,
        62,
        null,
        null,
        1,
        13,
        10,
        null,
        null,
        null,
        1,
        10,
        10,
        10,
        10,
        null,
        9,
        0,
        null,
        1,
        null,
        null,
        null,
        1,
        2,
        2,
        18,
        5,
        null,
        null,
        2,
        null,
        null,
        1,
        1,
        1,
        null,
        0,
        null,
        1,
        null,
        null,
        1,
        31,
        170,
        170,
        170,
        null,
        170,
        170,
        170,
        null,
        170,
        15,
        null,
        null,
        16,
        null,
        null,
        1,
        99,
        8,
        null,
        8,
        null,
        null,
        null,
        1,
        10,
        4,
        null,
        6,
        null,
        null,
        null,
        1,
        11,
        7,
        null,
        4,
        null,
        null,
        null,
        1,
        6,
        6,
        6,
        null,
        null,
        5,
        3,
        null,
        2,
        null,
        null,
        null,
        null,
        1,
        12,
        7,
        null,
        5,
        3,
        2,
        2,
        null,
        null
      ]
    },
    "timestamp": 1585597977
  }
}
